1.0000000000
-0.7135448694
-0.0358702475
-0.0084668464
-0.7209893083
-0.2433334085
-1.4354994869
1.0000000000
0.0528636036
0.0064688195
1.0000000000
1.0000000000
0.4113679401
-0.4045617209
-0.8980526148
-0.3890742108
-0.3826716035
-0.5484293128
-0.3894396475
-0.0284321029
0.5120695257
-0.0351093792
0.4029439573
0.3317700489
0.2108208881
-2.5988003695
1.0000000000
0.2237454121
0.1361099477
1.0000000000
-0.9754420841
0.0134278834
0.7400901791
6.9483048311
-0.0394023226
-0.4035531782
-0.0687590665
1.0000000000
-1.5389161672
-0.1153423104
0.9651213105
0.3871360264
-0.4589044887
0.1944357213
-1.4188280972
1.0000000000
0.6406780456
-0.1005029346
0.3644061906
2.5163852174
-2.7143115207
1.0000000000
-3.2947639046
-3.2712183928
-0.4513733372
-3.0582448308
2.6781985425
-1.4095440596
-0.3028912223
1.0000000000
0.5330061507
0.0956663209
1.0346764751
0.5294121648
-69.2110959352
-0.0769807406
0.1542347045
-0.0587692405
-4.1577411996
1.3250997337
-4.0672769199
-4.2774213623
-3.6469020722
1.0000000000
-2.7900037107
0.4144939397
0.3379645717
0.4056002161
-1.5398970770
0.5986375007
0.6665346668
0.6572762465
-0.3215802351
-0.9220051025
0.6571413593
0.0461694357
1.0000000000
0.6213682646
0.3546480321
-0.4908737887
-2.3327302898
0.0551533976
0.6354524001
0.4839882214
0.5695384027
0.1832862277
1.0000000000
1.0000000000
1.8340365903
1.8352581046
1.0000000000
1.8348064557
-0.2759116999
-0.4680252795
-0.7826402543
-0.7758354124
-0.4593887394
-0.2535826679
5.2870985225
-0.0419344493
0.4215675043
-0.9888137425
-0.1249590701
0.2919111326
0.1809640896
0.2726289611
1.0654304016
0.2754617795
0.2498037426
1.0000000000
1.0000000000
-1.9334167210
-0.2755916264
-1.1073383393
-0.9811158668
-0.9962339470
-0.9212374508
0.4532331088
0.3045743883
-61.3964163146
1.9425768521
-1.1322234154
-1.4462241067
-0.9517072851
-0.7537785203
1.0000000000
-1.0715004301
-3.1472145935
2.8935580781
1.2352779545
1.2078330768
1.9261122873
-1.1450931292
46.7515110172
-1.1427806010
-1.0669852806
-0.4911473494
0.1706297297
0.4247701658
0.4274071252
0.1840260189
-0.1319028618
-0.9335947174
1.0000000000
0.1609201927
1.0000000000
0.9291687740
-0.2841661031
0.6063873871
-0.8726964504
1.0000000000
-0.1414148401
0.1673186363
-0.2876021189
-0.0820118405
-8.5566028095
1.0000000000
-0.4004094735
22.6149962680
-1.3430096306
-1.0578836739
-0.3393030795
0.0357237131
-0.5914364649
0.3575651571
-0.5649914511
-2.8926268439
1.0000000000
1.0000000000
-0.4437869886
-0.4032690417
-0.4397974153
0.5896171578
-0.1421727801
1.6318157533
0.2537653209
0.2530246479
0.3821093834
0.8091095771
-0.4241697678
1.0000000000
-0.6860751144
1.0000000000
0.4860899256
3.2679018712
0.1833600937
-0.1824740288
-0.1300474593
-0.2977081213
0.6444784232
-0.5774785707
-0.6453082503
1.0000000000
-0.0899924205
-0.8349245144
0.0189046593
1.4412432019
0.2345873545
-0.1737617623
0.2527746598
1.0000000000
0.3652082006
1.0000000000
-0.1191777051
-0.3287865700
1.0326617773
-0.0350680680
0.7497963551
0.1168952840
-0.2914302391
-0.4193761568
