0.7784389470
0.3028843880
0.6768427575
-1.1045147134
-1.6626890654
3.3032685001
1.0000000000
5.5842142247
0.5461527691
10.9925066520
1.0000000000
-1.0576649897
4.8560385788
0.6005357087
-261.6812863887
-7.9607927915
1.0000000000
1.0000000000
0.4139904307
-1.1673423716
-1.2684101454
-0.8671847935
0.0546935278
1.3538635738
1.3555978605
0.4803794481
0.2759431323
1.2442086042
0.1388710255
16.7793486262
-0.0642217799
-0.2309387312
-0.6033422915
0.2790064846
-0.3380994954
-0.9514966868
1.1291759442
1.2999061587
1.1919621094
-1.5593002017
-0.3670855492
-0.3687710477
-0.1938716360
-0.1832329482
-0.2023017391
-0.2446298680
1.0000000000
1.0000000000
1.0000000000
-1.2304291190
0.0833318351
-0.0819719964
-0.2015574321
0.0983906165
-0.2490531298
0.2875944383
1.0000000000
-0.7879254322
-0.6367126946
-1.2997923167
-0.0921109097
-0.7475710527
-0.4834165578
-0.9517927659
-0.6403595802
-1.9662322090
-0.4049646428
-0.5143484022
-0.6326744385
-0.0937202573
0.2142811069
-0.1611486292
-1.1291644273
-0.7016872442
4.9301143294
1.0000000000
3.7659963118
1.0833807279
6.6680204390
-2.6768968062
0.0648322438
0.3928955266
-0.1486600593
-0.4407847686
-0.0519616077
6.6624263620
-0.0317289024
-0.2811490916
-0.9409364054
-1.3653117170
1.0000000000
-0.3925049141
0.3652235934
-1.2335027469
-0.3676218521
0.9234667768
0.1646638685
1.5533044884
2.0771224400
1.5917961909
2.0373139930
1.2245329713
0.7810905377
-0.2162717730
-0.4349063447
-0.9046750259
-0.9753822085
-0.1364193500
-0.2449902038
0.2044759881
0.2059897450
-0.5015239894
-0.9422520253
-1.2351551373
-0.7516416096
-1.2368747406
-0.2250028055
-1.4880146879
-0.2415815794
-2.5318181799
1.0000000000
0.3002018913
-0.2737208255
-0.6887695795
-0.6856137118
0.1053387214
-0.7688567267
1.0000000000
-0.6687078896
-0.6963264990
-0.1853353234
-0.1934758621
1.0000000000
1.0000000000
-0.0583862668
1.0000000000
0.8020164948
0.6908645296
0.4748635740
0.8710162830
-2.3419650482
-0.8438161826
-0.8512862319
1.1138781352
-0.8065311063
1.0000000000
1.0000000000
0.3030667057
0.3057081277
-0.0468639804
-11.3123758466
-0.3086537570
-6.1934625814
1.0000000000
-0.6925658813
0.0455606373
0.1702172413
0.1703570692
0.0763397298
1.0000000000
1.0000000000
1.0000000000
-0.1160501270
-0.1827412815
-1.0950097829
-0.6867151896
-0.0462331291
-0.1839471711
-0.1711831197
1.0000000000
1.0000000000
-0.2348562175
-0.1078780217
1.0000000000
-0.0378799148
-0.1428578734
-1.2802465499
-0.0499168043
-1.1821303507
-1.3766758594
-0.2071590428
0.1020790167
-0.2102387481
2.7383856151
0.1842079168
1.2674412781
-0.5901758220
-0.8062886828
-1.2005514974
-0.6988537928
-0.0387774093
1.0000000000
0.5992407822
-0.1628241454
-0.1956762885
1.0000000000
1.7278058234
-0.3311840654
-2.9535207469
1.0648905279
-0.0621706527
1.0000000000
1.0000000000
-0.0955817954
-0.5849514269
1.0000000000
1.0000000000
-0.6240272057
0.2804937365
0.3513879389
0.5911161875
-0.2411619933
1.0000000000
-0.3263987705
-0.1258259518
-0.0789589687
0.1325574414
-1.3034256716
2.9333704758
0.7283152079
1.0000000000
0.7292135140
1.0000000000
-1.3674616050
-1.7422623719
-0.7874174780
-0.6506325685
-0.2610677470
1.0000000000
-0.4308007470
-2.2121305968
-0.5887948084
-0.2466924289
0.0067201891
0.5184699226
-0.1965615266
-0.1612200160
0.6935794080
0.7287201992
0.2600892153
1.0000000000
0.1792277708
0.5668902220
0.5411419466
0.5773929457
0.5511087907
0.6971693801
-0.0350948934
-0.3903924197
-0.3859603492
1.0000000000
0.4993194958
1.0000000000
-0.3490456885
-0.3670618438
-0.3094881016
-1.9808829923
0.1185307511
1.0000000000
-0.2835597646
-0.1310838663
-1.1215591125
1.0000000000
-0.2801287891
-0.1397719646
-0.7639308853
-0.5660922322
-0.2743545304
0.0562328859
0.0980536248
-0.6721291858
-0.1605653417
0.3539548437
1.0000000000
0.5667829332
-0.4132001200
1.0000000000
0.8586050546
-9.1147706813
-0.7895233565
-1.6811832220
0.4565232685
0.4916505133
1.6548285482
-1.7046335591
0.7076471486
-0.0837572595
-0.2787911580
