11129937
5679673
64966649
16743033
5157857
64131827
8168592
51687957
12314837
5864373
12437077
66180037
7545850
13531709
40077619
5658138
23829945
8260485
6842936
7952046
32796743
12827033
55789991
12630950
9752042
27372566
6909244
23616704
12859682
29214895
12887741
5875180
45914776
10412996
33466787
57005972
13537616
57115562
53431883
63638119
24248447
60657711
11204527
20306265
31436223
32900092
8147212
55517195
60239862
6458585
4249421
7920535
57780943
5156722
18380554
15649337
21174500
8768333
7748333
12155693
22417916
27700033
63499220
4728912
36643236
33432984
13319868
4458044
6218702
18964859
16501161
13217958
14350362
28719156
38998839
25485480
5774915
13993080
23663979
13260472
23611296
14313208
11402489
14672746
4208138
5477406
14379838
6201798
13829726
5541446
5179546
19265241
6338453
16586972
24686371
3307715
24664067
9706459
7022911
5460916
29342310
5740647
9042481
18304647
22639239
37690767
24711063
29792762
10458629
39127283
19224192
4958472
26028000
19162992
18452288
4502261
23958678
3928694
3988858
13727257
7400573
13298323
10592255
11985354
3057846
6485252
9748567
16361721
6722951
8689007
21279053
3483653
13326231
5211921
4093336
21290362
9881331
4584822
12875982
4848558
9292267
10451949
14941324
6110876
13740920
17309888
18549608
4611288
9694808
9958384
19363836
5681858
11414974
9463726
7462446
14071246
8694214
8052226
12179554
5710102
17460298
16308157
7018026
19426859
6635519
16279379
7363083
6720683
7804229
6198541
8048699
5594027
13765883
14672097
5218887
5924196
5112446
8171921
3902792
12952742
6269774
13612478
3985406
3991406
8186406
10544266
13619107
10290922
15318826
3342079
3356140
12589336
5158164
3548368
16927450
26711290
3704350
16759049
10713163
7994861
18123048
22305380
4397263
3403668
14294694
3741575
14638933
5771487
23103439
17042708
11198420
9559455
3663858
8796710
10357574
4395698
7085613
13942988
3204593
7337513
4590913
2805733
16164489
3141873
9364041
13673048
17554568
4859120
10711676
8335431
5011914
5449456
5583947
9578079
8343454
4257827
15142082
16124410
16089938
16091178
15929482
13933570
4786630
3895999
10001736
12761312
4722484
4156227
3815915
15106155
12253616
3494741
10719321
4201997
3700169
5306295
10032616
11098357
6521368
3967944
3499092
6874602
3941547
4239411
11578531
3448435
7747707
3580211
4078989
9258871
9073571
3873508
9182571
9222683
9193826
17379848
13148232
18107728
10019315
10006383
8540431
3640480
8032564
10324268
11307248
7092499
12602648
9940353
10511722
9650452
3635280
3929808
9416755
3984291
6680735
4213171
4728532
8563211
3529274
6919572
7739892
8374468
4207112
3714288
3637536
5147376
11195157
6655846
10167542
14237306
4513926
14238790
9344982
8618246
14247694
6009374
11669138
5573502
6845782
6477062
13508438
6788038
12828766
3080026
4768722
3545114
9967403
5732177
6644081
9131045
17656728
3008140
7309934
14505584
11688035
4078153
14664401
4349611
15471004
6704374
18774866
6125864
9008876
17832582
4347214
17160011
4810490
16293967
7955051
5867445
19340609
19630529
5885826
4658261
8770945
10006805
17668893
5338597
4069797
13691521
17811968
19843972
12180388
5090044
15148492
9080500
7930240
7098744
6075169
8057457
16280223
11268035
6936023
11548871
6153683
5205083
8842463
14161463
6464863
6585455
5316902
6362918
9257462
6081974
11311046
8190182
8099906
8950327
10771692
11808847
6414187
8377127
7017027
7779187
6862681
7113109
14091925
10414820
5407510
5290635
11559205
8558240
5444905
7821895
11517664
10308086
8401430
6776534
6586894
6603842
9093302
6621842
6461370
6545706
7226533
7236445
7083157
7034204
7238948
5734606
6446896
6250021
6131130
5618434
6165854
6345590
5976086
6587365
6095257
6213454
6847039
7131295
4756159
5345588
6655944
6555296
7204724
6378912
4250682
6565188
6609048
4715688
6785448
6605144
6882120
5826072
4954936
5693439
6075180
4637036
5958982
5631753
5768239
6050743
6917664
6816288
6379992
5863344
5079882
6883818
6884602
5794294
7812499
6938266
6557940
6468815
7283383
6351608
6401851
7673111
4662491
6474233
4473873
6431798
7153238
5783958
6131398
6275318
6110598
7132678
6807678
4204962
4788090
4580112
4948809
4694205
5068209
4765173
4923673
4713701
5025161
4979460
5034724
5305477
5283655
5216331
5040366
5144079
5144079
5016759
5369740
5369740
5405282
5389671
5354659
5405298
5260956
5225682
5393542
5210922
5562397
4993009
5110177
5345598
4979598
4617888
4482684
4606944
4810356
4807084
4468836
5299644
4792404
4871424
4300212
4687048
4556469
4455329
4494177
4494141
4438921
5124361
3847263
4112861
4841593
4175889
6961997
5245726
4569430
3302237
4822950
4913873
3098785
7199585
5485873
8700689
8700689
8257169
4716753
4316177
4253487
5435751
4322385
4436246
4171302
2901506
5931100
4720240
3318200
3670192
5629776
5206152
5166892
9290320
5051736
5205896
5628852
10292848
4396728
4548933
4201723
7918270
4754142
4094226
5143212
4133367
4467645
6153325
4982205
3855070
6558190
4861706
5267300
4965602
5291424
4508011
8078592
6839979
5121460
7438940
4517692
5077724
7281244
5104916
7441404
5064064
6156718
5494721
4617094
4516996
4661811
4377813
3667503
3458608
3721683
3913563
3835784
3737530
3634336
3631873
3534206
3812554
3910202
3906132
3836128
3572799
4037480
3243528
3946504
4034004
2492680
3799407
3781089
3658929
3787389
3512949
3564829
3780069
3022829
3560789
2380119
3825488
2416891
4034160
2416229
4078061
2335989
2738269
3861089
3527188
3443302
4354025
2989818
3728106
3190554
2992698
5085485
3992967
3670119
2778301
3728788
2680075
3483461
2299917
3783151
3562751
2901406
2694150
3574458
3579102
3470923
2742107
3413239
2423414
2886480
3014692
2589652
2310901
4824847
5530234
4551649
7188518
4616685
3591446
3711354
3373998
4427886
4044194
5299814
5463438
6169497
5723928
5665038
4347882
4465082
3967682
2537082
4473282
4317466
4665216
4381727
4202467
2405578
2367995
2860641
3692560
2508301
4333916
3802169
3820682
3694722
3717458
3757873
3751207
4103691
3952974
3854015
4137125
3971893
4960230
3245518
4418458
4036910
3617848
3617708
3685676
4135412
4211587
3762226
3765549
3685629
3705269
3696525
3854884
3591748
3874897
5810099
4002527
4451287
4055307
4801200
4405638
4435122
4003754
4637535
5753411
3878239
3937788
3364089
4551439
3794599
3108353
6932428
4289391
4134979
4060379
3593379
3609079
6991147
4551715
4584675
5997987
4520747
5119772
5883605
4776331
5613528
5435650
7284088
5086189
9336875
9257469
9233731
7244003
7868654
7892414
8057942
8037802
7605205
7177973
7601845
6409333
7066297
7021325
7433704
7304091
7325585
6694988
6536040
6587628
5964412
7383351
7378695
7330491
7547319
7724259
7849464
6522648
6651636
6402618
5674338
7016643
7348458
5674473
6431943
6542700
6313395
5657130
5319647
4145383
5341599
5288791
5525703
3951019
3912211
6079915
7847443
5532048
6411608
5865254
4045254
6260162
6840395
6777099
6279807
6753943
7836310
7596577
6386121
4657953
4640397
8064805
5915753
5151605
8033184
9641546
5473146
7483922
8501522
5652498
5436385
5959401
8181802
7522482
6081624
4604355
10761745
10656395
10727472
4972420
12284260
6711414
7586211
5479358
8019089
5794043
11320035
5587169
10373753
9432593
10644125
5683793
7065824
4313150
9594302
10773983
11627138
7401374
10661443
21128378
13147748
4534861
15527205
13854277
6575676
6021807
7492076
4973975
4972943
18642411
7176370
11315132
15250156
6371258
12118298
9688452
8440788
8047637
5714053
6059077
6074493
10175485
10236413
9301709
9199315
8623292
4561363
9427516
12377911
12284915
9351677
8351661
14241501
9421373
3778037
8000166
12512486
9024446
6423247
12457828
7946101
10035197
4882845
4738913
7120113
6773113
4551113
4717513
4879513
7626906
4075676
4230308
4574444
4141856
9911903
5491901
11501663
11140295
3940595
11004695
5887670
3941945
6109670
6454370
11892224
8430968
3813955
4398508
7149013
14548452
5897098
9092836
8977630
6507253
4569863
12701805
9831167
4964903
6121886
9790971
18476410
10965373
16621220
11308349
10095083
3725387
10407419
4386467
13561283
13328267
9173123
9238145
6271918
7792222
9516332
7200382
9435615
13689256
4318174
17227384
4319094
5096379
17417594
17875870
10115470
10165900
10395504
17453448
5340581
5365198
15494506
5689533
10664549
4841201
4843709
15763413
7051001
4649429
9483584
9609248
6835624
16442116
6066011
20551108
4847431
