212732
276772
1255714
2853986
7686743
519484
902428
3276844
170188
4162034
943166
520779
2500001
3147230
734350
2622253
188612
4524421
4151018
1883464
2490084
77992
2337424
6353688
2055751
3420350
7809406
1181824
3303552
1244581
1918648
554938
6764522
454001
225635
724441
4954549
2154842
3856444
2727846
3649556
381853
1088194
2353843
4172695
9294921
504508
2241625
710519
4785796
166164
3229828
4013533
677357
4843240
1382950
550996
6457651
5268426
4132771
4214032
102622
1520288
2455692
5421707
915649
3478556
4770595
3116396
781696
7425376
745936
2648074
1104321
27284
64873
7826545
4960426
3957164
710457
455496
3281186
504751
1000780
65536
3768326
667646
356424
1012440
697879
5014001
77308
2551861
5703182
5357536
3040176
3485371
1954312
4192207
458560
5181361
35646
2945546
149831
617776
7718866
260995
45066
2967160
3183736
6795610
582451
7349111
335146
3944698
3735722
5912023
421368
3558756
2673058
2162851
754912
9257551
3359122
133024
2294125
124391
134998
1647970
65536
1385946
774356
65536
575188
7059376
906028
115955
2246575
5999666
2959568
1642671
289276
484264
581143
7658569
93106
1626526
3171811
5149727
65536
889836
1785961
65536
264827
651204
3012690
807871
123942
2387226
7099072
2857642
4933321
3561712
3791138
761929
309208
312783
65536
4562055
241270
3301392
4174362
7012051
3431974
2673915
1624925
570734
65536
3748426
2320516
256708
4870978
4
2680727
301849
1005642
1041756
1737748
3107821
149461
1209448
1213870
99712
3624231
431584
5927221
673033
1961563
1440856
893760
1760146
4530871
139887
2252903
1805824
9165297
65536
2137869
307204
633330
65536
2388048
1191324
65536
5296141
3165444
176974
3836906
2983406
6058096
5558300
2499127
168037
1675384
3605912
9494912
4364521
5928691
154888
521341
124846
471359
6809362
455898
6620032
2313754
3243935
5171317
1038921
4381114
1690853
1800016
5520614
7053244
2427896
1069882
3265086
2148722
1881518
1114048
336813
324613
101868
805296
228256
2471861
3008557
1192346
13006
1439897
4443117
526311
3428560
2941906
4926775
4677391
2903046
2165283
1440992
1980592
837667
2679850
1932291
2652071
820336
5179012
516636
2542808
5096554
3447053
1423088
65536
1100860
1023486
6351909
6548598
9200992
392754
4978759
2699321
2197685
5573813
2733416
1752640
1669006
1990590
226222
10465
54997
594610
2400726
8279936
155520
6262954
65536
2940968
378212
4877296
3506194
1771469
252403
1404269
3244774
80972
8628258
1176880
65536
54512
258404
2144749
5887765
3026032
341609
948766
325096
715138
65536
78099
542509
126158
850282
1948354
7292041
2773845
2659792
894525
6678766
3324220
5663030
5125111
7413021
2512456
449584
5949094
992659
3274742
3842296
4944981
2624311
733885
370258
3977038
6990127
1107277
4407896
2686420
821632
357271
2026536
2477
180343
7426740
732961
494700
4924216
5988726
1164157
6868763
4123975
1740426
368816
935296
5996835
65536
989560
725495
2902955
619566
3019249
1362696
2284481
1043361
199252
1214580
574432
1777879
3561316
113416
1587056
4455220
1437088
1265056
1604682
526669
5589879
1843918
8471857
1979872
7665282
238276
469030
460978
2091157
981880
1796461
394958
4424237
116461
910053
406912
455020
3290691
5698384
1332638
2029452
3509746
229585
6109405
6172592
1972518
3674466
2358748
2181729
8652757
4687770
1070208
5497696
1822427
2418458
1704355
6034968
2965741
939630
2487384
1477626
3805954
1318238
961011
1105162
3711517
469914
967590
744166
3606619
6011931
168573
5542476
3016408
4293760
1809274
380889
1607569
4026217
2386469
243376
4954609
7976488
286040
3853254
7041925
3547342
5442935
1041238
1414482
5927236
1172747
5330664
1034808
3047242
357766
752761
2723360
1464676
2342184
3720025
103340
1084411
2911825
2884308
6901424
279988
899177
5113711
3308461
1156276
564486
798295
5392836
552343
1740508
9281624
2171986
2641920
3792784
7890819
521701
65536
1116952
6119
65536
571876
3731813
596648
14317
5435663
2508646
290866
5413837
26062
7964671
542584
709787
4207411
23190
131736
4984712
806173
3330086
3087541
2055601
1177507
3669621
69067
3972382
4675354
2907416
2300263
4473801
454029
65536
7130373
8712104
1008211
861689
1110202
78367
7217548
5394813
199251
181764
3209185
659926
2366951
2437178
1234418
553912
4653821
3664656
417366
227605
514022
4879797
7072046
4714234
67486
1957679
1608436
895313
2830876
21361
5413183
182711
4243990
2522196
6657782
3011220
107449
4169860
3585821
2633011
2112126
4043146
171385
3533560
36161
143641
2436736
4479314
3420124
93976
1434040
1519040
1006880
389583
416231
3823150
1106976
3664643
4604322
3976030
26930
7336429
83428
7032936
4987744
1086136
3800641
1645216
336361
227624
7429888
3670528
731776
29983
1860285
76423
1213859
63007
4530754
1019878
7795390
983599
13506
1377856
4408346
4113106
731714
1586240
3646542
291387
173811
2723246
7579963
5363741
1574665
878216
80023
1750186
285844
2565946
630895
88151
1601306
4312691
4779520
6207364
2472437
30271
4873474
3371839
3711321
7547185
739829
7472011
1414966
3959502
4027318
2525268
274318
15511
6088063
6820796
5561270
1717612
4057287
1249180
1762756
706102
2330735
1512863
5008012
236026
3616744
238936
2098987
7376014
2884142
123096
4291126
8210041
1136641
4960488
966384
6205696
131434
1014445
3888196
62101
1785758
673507
446996
461007
317691
2362831
2326861
6008596
540023
65536
2075227
5367751
115029
650638
2365680
248320
65536
4880346
2952078
1978765
2468833
1613031
6366813
7589136
2549836
2811002
715762
1048757
433671
297799
435901
312276
887808
2056389
2674695
534494
444712
1375832
560149
6163712
108754
95561
2888066
120408
4466296
1406180
5357602
4414733
1952913
382132
2405125
5043502
369775
1591864
760496
1061976
1801051
1978217
220570
568048
245646
24456
3405104
14641
3512012
5236100
1030114
397426
1574099
1476176
1886939
6068316
3099499
8886802
3164983
4730732
5616470
1244892
1460930
1981786
3110763
5206165
2697678
632792
6430300
65536
209004
125908
107251
49507
1223653
1248256
508048
4617688
8908
1039054
1939636
1586086
3645139
938612
5512768
142318
832547
3497836
3171446
5336851
494781
3996463
15178
8514038
1765068
1960254
603052
5866236
5338642
1245991
998391
2574328
731168
382651
6517597
7297310
410891
906376
870414
2725180
2124901
179511
3182335
8127871
109840
5140528
807520
374416
6609168
2470282
171356
2674390
1841917
6092508
2963574
3420826
410146
2100668
294452
874158
5610458
2136690
3747892
2312834
6970573
11586
3997261
736985
1763881
4960451
3342827
2639515
932434
1461736
2561856
6093818
361148
2210892
1002200
6524228
5030452
1849269
5017624
7466371
862920
2158139
1755385
3658892
633926
3297558
2946736
8572166
1595953
1801998
3153511
270730
1868551
492259
443239
2610763
1671104
155631
2363494
1570719
2749096
7893328
1625906
4451059
8367244
3728888
511273
4167934
2144459
2657608
2345930
66301
2152933
4783886
188928
1100131
574798
4681930
1334045
7074601
120191
4186992
397648
1091557
310892
1985938
4860529
88744
6786341
2321368
6660338
48811
1160314
1970807
893338
2538287
240640
2037256
65536
39760
93064
193174
2881888
3287663
5195977
4286102
35899
5044340
240919
936091
2514241
1157679
4668719
686750
5026052
358991
3826123
3760877
1901111
5151342
4453621
1062532
4714231
84247
2678074
4731163
2270317
3467214
4644366
8965997
4108841
298312
65536
6463873
2043736
206873
3445745
2088394
5145624
50497
1472830
684440
1314366
927481
7860058
1115186
5856736
593206
374992
4236388
4086456
643003
5400236
382721
5018317
5232346
3705393
4667623
3610240
1307266
4828244
4285313
472611
1138945
1106388
343711
4438180
4615989
938653
138356
4446
2483333
3233616
2016324
1680409
1085779
73476
3204182
3766324
787164
2401596
3832336
2066248
3988048
527736
1170088
7498836
910625
3808118
4511854
3620101
800749
