2948736
9303163
5221272
8098624
5759464
6685931
339618
4211284
1876000
3895652
65536
1660524
8099248
65536
8927364
2903186
1413424
547255
2523896
1916710
3530096
7002741
3594940
3566865
7058928
6339586
7488870
9693061
9231208
7111897
5032496
1175092
4092064
4247017
3444154
6867041
2548068
2528557
3150786
3531666
5746096
8005625
9159918
321484
9066676
1442541
233098
576543
9761136
2374765
2309886
533171
8263768
65536
6487160
5998336
5226464
5978050
1654288
8996689
7090676
7953904
8234944
7146614
6184384
6926896
1997704
7949107
7602996
2357872
1237666
559995
795288
8981611
8909490
5268136
6429124
9776600
9356660
3466537
2844816
7781037
359044
1763991
7331152
8747416
937350
8914684
6346096
7861040
4613376
9974131
5255980
1977361
9310996
7062586
8856576
8495809
563484
9850028
2205736
6607526
1620860
6708274
5353280
1431456
3057994
607139
524568
4652602
8886476
5808275
6642352
241151
6638804
3930691
2217248
7255296
4532092
3117647
4253456
8538277
65536
7582195
9726568
2719986
7528946
4115959
1549312
5531437
1545856
2325981
9943596
1301284
8329496
135196
2060872
3845972
3586678
3056944
1083436
7391703
5706820
7004993
3805376
8062936
2506520
9452233
4460464
4347758
1225086
9195892
5923472
8383274
7260928
3552136
8101412
4643011
9290450
3961075
5154496
1670230
5675296
4135822
7196352
1913771
212488
1140879
3005392
3684595
8785236
7358997
8903392
4446638
8496704
4848061
8949168
8904969
5779720
1952174
974036
8373247
1376716
6097754
297088
9863891
5260022
9773980
8385744
8183400
5583796
1111305
7887168
4568077
4403790
8386096
5942704
5201216
6958104
65536
3299936
8837509
2513806
1487136
8675188
1451206
1731662
3805723
2816944
3188980
2943116
4103302
9858788
5925362
2684722
4648206
3698568
7251730
5123576
4931936
735436
6512870
7654478
2692447
970240
9749961
5208172
5481310
7742416
2677822
6916446
9960447
9319384
8786432
4204062
8024731
5576244
9472424
3270052
8937603
1432176
9407638
5922702
7825934
6982576
2116961
940092
4446931
8401080
7003409
569986
2417455
1679148
4339528
3920542
543391
4866304
5728882
5380728
9745090
2835856
110029
7297810
2724324
1095128
7825636
182316
3074715
6879088
371933
65536
9506527
2333152
5503205
3787144
5959811
5464160
5395801
5635624
6396835
6563896
6137404
7895226
3299767
9427748
215466
5204602
9471209
5737216
4509781
6394236
4444964
7156936
5213900
9506520
1369621
58672
9225414
369502
5898775
886336
6768229
8919654
6695684
7653424
4556881
2662566
1546972
7545700
3735306
6684706
4917404
3834544
2820772
9287334
8821891
2537368
1439043
2968282
314284
8124736
2365799
8026918
2787611
2061108
8323261
2839128
7661440
4704496
3414541
4277196
1374901
2317800
856325
6423442
519236
1369840
6664879
3854060
2925883
7691176
6488078
3409570
2028571
1892112
7508731
2936110
4092270
9135896
6283612
2688536
7211411
3935680
763240
7610024
8608591
5537300
4494531
9733438
2102137
4578296
283156
5449640
6623053
1310596
6739451
6913942
9327775
7456128
8416584
4441066
8218955
4070280
7151065
5071082
6492111
2657440
9996515
679430
6204967
858816
726378
8758222
9064884
7527936
867466
1430640
65536
1413484
4298388
3639046
9325000
9475152
4527732
86938
5573731
6258500
7207342
8716952
2550397
471136
8941820
6552044
3894433
1770028
2184661
6661312
3346412
1005208
7191067
2051936
5868340
3744856
7193670
9520126
8321731
9015008
5402934
4680064
1069205
65536
5485246
5557428
2840749
2375800
6542011
4813188
5970592
8326052
8757612
3324946
7075792
8346544
8541835
6073714
4451411
178540
6953893
65536
4153477
16
5158185
2777038
1728494
7380004
9920116
5439872
9011106
1263808
6937986
7487236
7985077
5251548
7538097
4194736
8898531
9753976
4995712
5038000
6015631
5650036
1954313
969444
2262550
8877792
24586
4706134
9564994
6987084
1509064
16
7018890
4683688
3206591
4898960
4251661
8438348
3965269
7803682
2604471
9749536
260764
3642754
8816553
3685276
2900486
791184
2633434
349704
9299043
65536
9521515
4878936
4921324
2742958
1057851
9484864
5861280
9974020
8521150
3811236
9249238
5720260
4905721
7933344
1066921
5576124
6961866
3410752
2186126
7068746
366124
5131904
7261631
7005994
9092026
1860560
241816
1589860
1334965
5748856
1728547
1601238
9616678
2462620
4183961
532402
283083
65536
4858504
3132496
509509
4001920
8980369
4436966
3528646
4096056
9658561
7078432
422265
2385096
1947013
5085754
9195475
9680896
9286086
420196
5836558
4792256
1977985
112786
2497328
9954944
212272
1168434
695266
832120
7267548
3986484
4451110
9586256
318027
3703006
7038572
3186788
7988716
7456422
1535541
8356984
422022
1263096
7685566
4136784
7039085
1968178
5486911
4473600
6398359
9924032
7886291
5885896
9485264
3642538
7762558
3840720
9487351
3756310
2441093
6942872
8181313
9799526
3363901
8529904
6195275
142348
9229561
7816468
5087379
3778294
804436
2601936
415798
6647540
3116041
5144236
7318971
271250
1862863
2158432
689225
7350646
2584201
4117696
1260313
1025156
8102136
9706600
2173434
5250336
9073108
8197016
7655534
7839754
8210057
4772064
5821861
8805498
7994963
4533256
6280243
2220446
4514650
3110288
933137
374494
7343676
8872716
8360911
2160018
2673222
65536
6888561
1719562
3166570
5466648
2023506
2447860
1379121
1937912
8310958
8193636
9885790
8644960
7918754
8743212
65536
6587584
9193267
730762
2077766
2996516
4491643
1388994
9295967
2010544
4562621
4539916
917044
4183888
4198204
9235906
9681519
2469728
2066860
627892
7815411
5767828
5300965
6178034
3343528
1384896
3007486
5455564
586385
65536
7361341
4581684
3565010
369856
8273932
2707666
4274131
225652
2843401
3526864
7182006
4558640
9040588
339930
65536
5590036
2165636
4590358
5409952
6945408
6323326
4976212
3491500
694012
6098581
1719776
957601
1789648
3581757
2538776
502186
332028
5199119
210886
5304273
2351136
2848642
8569124
7832903
8842444
3143611
3052836
776026
6387560
1817366
4239916
4281657
2448160
8066419
2790122
8633181
1717120
9465121
8723094
3643711
5992736
7326025
6556606
1839071
8906536
3615796
1411486
1690456
4683616
5939118
7302736
5492035
433456
7750709
6524710
3664236
9958836
2990752
8026280
1003991
4768696
659913
4907472
3649696
7321148
8448201
8831734
8167020
963072
9224158
8060466
65536
1032964
3712942
4176812
8346211
65536
1476686
1881148
5310522
65536
602737
2000000
1115311
9800800
3914521
1848346
8928775
2861324
8951897
2277616
9955581
7639888
767428
7597858
8774521
7863292
1121860
7398530
8639902
1689536
736535
5726356
927774
1702432
3035626
6426066
9841880
2620984
6596634
9943646
3387364
4587812
2515225
10036
7913376
5712320
7833850
2861228
8760476
9258496
161195
3080198
4691218
4116000
5551486
2857396
6385257
4478204
65536
7256746
5929904
3819328
9695702
6431964
1128301
1271720
5725864
479554
8337408
4310256
5841046
4720940
3715812
9357388
5382451
4718140
4597945
9309616
942037
2031136
7830988
2242992
6467728
6598630
971636
2636512
9386771
8083978
2384410
849036
5095501
4476334
1657375
8636224
1165876
8243792
4338953
1141468
8747174
8181196
256153
491488
7244647
6419446
9531986
8397996
59545
7907328
514281
8424976
5523664
499150
5307136
1091536
9057491
9405142
1636930
2888024
2312647
4895196
8109632
7697356
2093296
2063428
8621866
7834624
1973341
7196176
8828892
5670036
65536
5963082
4210975
6382288
2111011
3146208
3493168
842028
1791212
9934486
4444963
1437984
328519
1008936
130716
2173372
5835633
456558
7333207
3647296
1081923
9398812
3396380
2591440
6490786
1735930
3473661
4420960
3849253
9654816
1637899
3246352
9104007
8400940
6735526
2922152
8617993
5652660
2236370
2605336
3087842
6857894
5422240
1905040
5215791
3360022
3973623
3552012
4654606
5368086
3947052
65536
972207
3746294
3344686
9070444
9096667
1015558
7218513
870336
4060945
4744154
6649784
5230204
2776266
5118690
5555647
6213336
7225668
25246
438128
1325756
6228997
4433516
1493161
7831504
8586088
9429638
8183587
7083776
6301806
8880820
3339016
2308752
6347461
5952546
1900338
144928
5625607
7916736
5898049
7214336
5705791
7837672
2793241
9704456
9585067
4443052
9287300
